{"C:\\Users\\adria\\Documents\\node\\app.js": {"path":"C:\\Users\\adria\\Documents\\node\\app.js","statementMap":{"0":{"start":{"line":1,"column":0},"end":{"line":1,"column":27}},"1":{"start":{"line":2,"column":16},"end":{"line":2,"column":34}},"2":{"start":{"line":3,"column":13},"end":{"line":3,"column":28}},"3":{"start":{"line":4,"column":15},"end":{"line":4,"column":44}},"4":{"start":{"line":5,"column":19},"end":{"line":5,"column":41}},"5":{"start":{"line":6,"column":28},"end":{"line":6,"column":53}},"6":{"start":{"line":7,"column":21},"end":{"line":7,"column":52}},"7":{"start":{"line":8,"column":18},"end":{"line":8,"column":43}},"8":{"start":{"line":9,"column":26},"end":{"line":9,"column":51}},"9":{"start":{"line":10,"column":12},"end":{"line":10,"column":21}},"10":{"start":{"line":12,"column":18},"end":{"line":12,"column":39}},"11":{"start":{"line":13,"column":17},"end":{"line":13,"column":54}},"12":{"start":{"line":15,"column":0},"end":{"line":15,"column":16}},"13":{"start":{"line":16,"column":0},"end":{"line":16,"column":24}},"14":{"start":{"line":17,"column":0},"end":{"line":17,"column":35}},"15":{"start":{"line":19,"column":0},"end":{"line":25,"column":3}},"16":{"start":{"line":23,"column":8},"end":{"line":23,"column":35}},"17":{"start":{"line":28,"column":13},"end":{"line":28,"column":36}},"18":{"start":{"line":31,"column":0},"end":{"line":31,"column":76}},"19":{"start":{"line":32,"column":0},"end":{"line":32,"column":37}},"20":{"start":{"line":34,"column":0},"end":{"line":38,"column":1}},"21":{"start":{"line":35,"column":0},"end":{"line":37,"column":3}},"22":{"start":{"line":36,"column":4},"end":{"line":36,"column":63}},"23":{"start":{"line":40,"column":0},"end":{"line":40,"column":56}},"24":{"start":{"line":42,"column":0},"end":{"line":42,"column":21}}},"fnMap":{"0":{"name":"(anonymous_0)","decl":{"start":{"line":22,"column":12},"end":{"line":22,"column":13}},"loc":{"start":{"line":22,"column":30},"end":{"line":24,"column":7}},"line":22},"1":{"name":"(anonymous_1)","decl":{"start":{"line":35,"column":17},"end":{"line":35,"column":18}},"loc":{"start":{"line":35,"column":23},"end":{"line":37,"column":1}},"line":35}},"branchMap":{"0":{"loc":{"start":{"line":13,"column":17},"end":{"line":13,"column":54}},"type":"binary-expr","locations":[{"start":{"line":13,"column":17},"end":{"line":13,"column":37}},{"start":{"line":13,"column":41},"end":{"line":13,"column":54}}],"line":13},"1":{"loc":{"start":{"line":28,"column":13},"end":{"line":28,"column":36}},"type":"binary-expr","locations":[{"start":{"line":28,"column":13},"end":{"line":28,"column":29}},{"start":{"line":28,"column":32},"end":{"line":28,"column":36}}],"line":28},"2":{"loc":{"start":{"line":34,"column":0},"end":{"line":38,"column":1}},"type":"if","locations":[{"start":{"line":34,"column":0},"end":{"line":38,"column":1}},{"start":{},"end":{}}],"line":34},"3":{"loc":{"start":{"line":40,"column":0},"end":{"line":40,"column":55}},"type":"cond-expr","locations":[{"start":{"line":40,"column":26},"end":{"line":40,"column":37}},{"start":{"line":40,"column":39},"end":{"line":40,"column":55}}],"line":40}},"s":{"0":3,"1":3,"2":3,"3":3,"4":3,"5":3,"6":3,"7":3,"8":3,"9":3,"10":3,"11":3,"12":3,"13":3,"14":3,"15":3,"16":36,"17":3,"18":3,"19":3,"20":3,"21":0,"22":0,"23":3,"24":3},"f":{"0":36,"1":0},"b":{"0":[3,0],"1":[3,0],"2":[0,3],"3":[3,0]},"_coverageSchema":"1a1c01bbd47fc00a2c39e90264f33305004495a9","hash":"3f1f299971d9c3cd1aa22526697ed3ee40aa5b87"}
,"C:\\Users\\adria\\Documents\\node\\config\\mongo.js": {"path":"C:\\Users\\adria\\Documents\\node\\config\\mongo.js","statementMap":{"0":{"start":{"line":1,"column":17},"end":{"line":1,"column":36}},"1":{"start":{"line":3,"column":17},"end":{"line":3,"column":37}},"2":{"start":{"line":5,"column":18},"end":{"line":17,"column":1}},"3":{"start":{"line":6,"column":20},"end":{"line":6,"column":86}},"4":{"start":{"line":7,"column":5},"end":{"line":16,"column":8}},"5":{"start":{"line":11,"column":8},"end":{"line":15,"column":9}},"6":{"start":{"line":12,"column":12},"end":{"line":12,"column":45}},"7":{"start":{"line":14,"column":12},"end":{"line":14,"column":48}},"8":{"start":{"line":19,"column":0},"end":{"line":19,"column":27}}},"fnMap":{"0":{"name":"(anonymous_0)","decl":{"start":{"line":5,"column":18},"end":{"line":5,"column":19}},"loc":{"start":{"line":5,"column":23},"end":{"line":17,"column":1}},"line":5},"1":{"name":"(anonymous_1)","decl":{"start":{"line":10,"column":8},"end":{"line":10,"column":9}},"loc":{"start":{"line":10,"column":22},"end":{"line":16,"column":6}},"line":10}},"branchMap":{"0":{"loc":{"start":{"line":6,"column":20},"end":{"line":6,"column":86}},"type":"cond-expr","locations":[{"start":{"line":6,"column":43},"end":{"line":6,"column":66}},{"start":{"line":6,"column":68},"end":{"line":6,"column":86}}],"line":6},"1":{"loc":{"start":{"line":11,"column":8},"end":{"line":15,"column":9}},"type":"if","locations":[{"start":{"line":11,"column":8},"end":{"line":15,"column":9}},{"start":{"line":13,"column":13},"end":{"line":15,"column":9}}],"line":11}},"s":{"0":3,"1":3,"2":3,"3":3,"4":3,"5":3,"6":3,"7":0,"8":3},"f":{"0":3,"1":3},"b":{"0":[3,0],"1":[3,0]},"_coverageSchema":"1a1c01bbd47fc00a2c39e90264f33305004495a9","hash":"f4c74c7a432911fb6e4f15a614f39a37ae1acb99"}
,"C:\\Users\\adria\\Documents\\node\\config\\mysql.js": {"path":"C:\\Users\\adria\\Documents\\node\\config\\mysql.js","statementMap":{"0":{"start":{"line":1,"column":22},"end":{"line":1,"column":42}},"1":{"start":{"line":2,"column":17},"end":{"line":2,"column":37}},"2":{"start":{"line":4,"column":17},"end":{"line":4,"column":97}},"3":{"start":{"line":5,"column":17},"end":{"line":5,"column":39}},"4":{"start":{"line":6,"column":17},"end":{"line":6,"column":43}},"5":{"start":{"line":7,"column":13},"end":{"line":7,"column":35}},"6":{"start":{"line":12,"column":18},"end":{"line":20,"column":1}},"7":{"start":{"line":22,"column":23},"end":{"line":29,"column":1}},"8":{"start":{"line":23,"column":4},"end":{"line":28,"column":5}},"9":{"start":{"line":24,"column":9},"end":{"line":24,"column":40}},"10":{"start":{"line":25,"column":9},"end":{"line":25,"column":47}},"11":{"start":{"line":27,"column":8},"end":{"line":27,"column":49}},"12":{"start":{"line":31,"column":0},"end":{"line":31,"column":44}}},"fnMap":{"0":{"name":"(anonymous_0)","decl":{"start":{"line":22,"column":23},"end":{"line":22,"column":24}},"loc":{"start":{"line":22,"column":35},"end":{"line":29,"column":1}},"line":22}},"branchMap":{"0":{"loc":{"start":{"line":4,"column":17},"end":{"line":4,"column":97}},"type":"cond-expr","locations":[{"start":{"line":4,"column":39},"end":{"line":4,"column":70}},{"start":{"line":4,"column":71},"end":{"line":4,"column":97}}],"line":4}},"s":{"0":3,"1":3,"2":3,"3":3,"4":3,"5":3,"6":3,"7":3,"8":0,"9":0,"10":0,"11":0,"12":3},"f":{"0":0},"b":{"0":[3,0]},"_coverageSchema":"1a1c01bbd47fc00a2c39e90264f33305004495a9","hash":"1e330acb08b848bdb58f442077af7c7d3b4c381c"}
,"C:\\Users\\adria\\Documents\\node\\controllers\\auth.js": {"path":"C:\\Users\\adria\\Documents\\node\\controllers\\auth.js","statementMap":{"0":{"start":{"line":1,"column":22},"end":{"line":1,"column":50}},"1":{"start":{"line":2,"column":27},"end":{"line":2,"column":61}},"2":{"start":{"line":3,"column":20},"end":{"line":3,"column":49}},"3":{"start":{"line":4,"column":21},"end":{"line":4,"column":41}},"4":{"start":{"line":5,"column":26},"end":{"line":5,"column":57}},"5":{"start":{"line":7,"column":21},"end":{"line":25,"column":1}},"6":{"start":{"line":8,"column":4},"end":{"line":24,"column":5}},"7":{"start":{"line":9,"column":5},"end":{"line":9,"column":28}},"8":{"start":{"line":10,"column":22},"end":{"line":10,"column":49}},"9":{"start":{"line":11,"column":18},"end":{"line":11,"column":36}},"10":{"start":{"line":12,"column":22},"end":{"line":12,"column":51}},"11":{"start":{"line":13,"column":5},"end":{"line":13,"column":56}},"12":{"start":{"line":15,"column":18},"end":{"line":18,"column":6}},"13":{"start":{"line":20,"column":5},"end":{"line":20,"column":21}},"14":{"start":{"line":21,"column":5},"end":{"line":21,"column":21}},"15":{"start":{"line":23,"column":6},"end":{"line":23,"column":50}},"16":{"start":{"line":27,"column":18},"end":{"line":56,"column":1}},"17":{"start":{"line":28,"column":2},"end":{"line":55,"column":3}},"18":{"start":{"line":29,"column":7},"end":{"line":29,"column":30}},"19":{"start":{"line":30,"column":20},"end":{"line":31,"column":42}},"20":{"start":{"line":32,"column":7},"end":{"line":32,"column":25}},"21":{"start":{"line":33,"column":7},"end":{"line":36,"column":8}},"22":{"start":{"line":34,"column":8},"end":{"line":34,"column":52}},"23":{"start":{"line":35,"column":8},"end":{"line":35,"column":15}},"24":{"start":{"line":38,"column":28},"end":{"line":38,"column":48}},"25":{"start":{"line":39,"column":21},"end":{"line":39,"column":62}},"26":{"start":{"line":40,"column":7},"end":{"line":43,"column":8}},"27":{"start":{"line":41,"column":8},"end":{"line":41,"column":54}},"28":{"start":{"line":42,"column":8},"end":{"line":42,"column":15}},"29":{"start":{"line":45,"column":7},"end":{"line":45,"column":55}},"30":{"start":{"line":46,"column":20},"end":{"line":49,"column":8}},"31":{"start":{"line":50,"column":7},"end":{"line":50,"column":24}},"32":{"start":{"line":53,"column":6},"end":{"line":53,"column":47}},"33":{"start":{"line":54,"column":6},"end":{"line":54,"column":21}},"34":{"start":{"line":58,"column":0},"end":{"line":58,"column":43}}},"fnMap":{"0":{"name":"(anonymous_0)","decl":{"start":{"line":7,"column":21},"end":{"line":7,"column":22}},"loc":{"start":{"line":7,"column":41},"end":{"line":25,"column":1}},"line":7},"1":{"name":"(anonymous_1)","decl":{"start":{"line":27,"column":18},"end":{"line":27,"column":19}},"loc":{"start":{"line":27,"column":37},"end":{"line":56,"column":1}},"line":27}},"branchMap":{"0":{"loc":{"start":{"line":33,"column":7},"end":{"line":36,"column":8}},"type":"if","locations":[{"start":{"line":33,"column":7},"end":{"line":36,"column":8}},{"start":{},"end":{}}],"line":33},"1":{"loc":{"start":{"line":40,"column":7},"end":{"line":43,"column":8}},"type":"if","locations":[{"start":{"line":40,"column":7},"end":{"line":43,"column":8}},{"start":{},"end":{}}],"line":40}},"s":{"0":3,"1":3,"2":3,"3":3,"4":3,"5":3,"6":1,"7":1,"8":1,"9":1,"10":1,"11":1,"12":1,"13":1,"14":1,"15":0,"16":3,"17":3,"18":3,"19":3,"20":3,"21":3,"22":1,"23":1,"24":2,"25":2,"26":2,"27":1,"28":1,"29":1,"30":1,"31":1,"32":0,"33":0,"34":3},"f":{"0":1,"1":3},"b":{"0":[1,2],"1":[1,1]},"_coverageSchema":"1a1c01bbd47fc00a2c39e90264f33305004495a9","hash":"b72b5da42fdbaccee05cc610d400ad91d6185c4e"}
,"C:\\Users\\adria\\Documents\\node\\controllers\\storage.js": {"path":"C:\\Users\\adria\\Documents\\node\\controllers\\storage.js","statementMap":{"0":{"start":{"line":1,"column":23},"end":{"line":1,"column":43}},"1":{"start":{"line":2,"column":19},"end":{"line":2,"column":41}},"2":{"start":{"line":3,"column":19},"end":{"line":3,"column":44}},"3":{"start":{"line":4,"column":26},"end":{"line":4,"column":57}},"4":{"start":{"line":5,"column":24},"end":{"line":5,"column":52}},"5":{"start":{"line":6,"column":11},"end":{"line":6,"column":24}},"6":{"start":{"line":13,"column":18},"end":{"line":20,"column":1}},"7":{"start":{"line":14,"column":4},"end":{"line":19,"column":5}},"8":{"start":{"line":15,"column":17},"end":{"line":15,"column":44}},"9":{"start":{"line":16,"column":4},"end":{"line":16,"column":21}},"10":{"start":{"line":18,"column":8},"end":{"line":18,"column":48}},"11":{"start":{"line":27,"column":16},"end":{"line":35,"column":1}},"12":{"start":{"line":28,"column":4},"end":{"line":34,"column":4}},"13":{"start":{"line":29,"column":21},"end":{"line":29,"column":37}},"14":{"start":{"line":30,"column":21},"end":{"line":30,"column":52}},"15":{"start":{"line":31,"column":8},"end":{"line":31,"column":25}},"16":{"start":{"line":33,"column":7},"end":{"line":33,"column":46}},"17":{"start":{"line":42,"column":19},"end":{"line":55,"column":1}},"18":{"start":{"line":43,"column":4},"end":{"line":54,"column":1}},"19":{"start":{"line":44,"column":19},"end":{"line":44,"column":22}},"20":{"start":{"line":45,"column":4},"end":{"line":45,"column":22}},"21":{"start":{"line":46,"column":21},"end":{"line":49,"column":5}},"22":{"start":{"line":50,"column":17},"end":{"line":50,"column":52}},"23":{"start":{"line":51,"column":4},"end":{"line":51,"column":21}},"24":{"start":{"line":53,"column":4},"end":{"line":53,"column":19}},"25":{"start":{"line":62,"column":19},"end":{"line":62,"column":41}},"26":{"start":{"line":69,"column":19},"end":{"line":85,"column":1}},"27":{"start":{"line":70,"column":4},"end":{"line":84,"column":4}},"28":{"start":{"line":71,"column":21},"end":{"line":71,"column":37}},"29":{"start":{"line":72,"column":21},"end":{"line":72,"column":52}},"30":{"start":{"line":73,"column":8},"end":{"line":73,"column":43}},"31":{"start":{"line":74,"column":26},"end":{"line":74,"column":30}},"32":{"start":{"line":75,"column":25},"end":{"line":75,"column":51}},"33":{"start":{"line":76,"column":8},"end":{"line":76,"column":32}},"34":{"start":{"line":77,"column":19},"end":{"line":80,"column":9}},"35":{"start":{"line":81,"column":8},"end":{"line":81,"column":23}},"36":{"start":{"line":83,"column":7},"end":{"line":83,"column":49}},"37":{"start":{"line":87,"column":0},"end":{"line":87,"column":72}}},"fnMap":{"0":{"name":"(anonymous_0)","decl":{"start":{"line":13,"column":18},"end":{"line":13,"column":19}},"loc":{"start":{"line":13,"column":38},"end":{"line":20,"column":1}},"line":13},"1":{"name":"(anonymous_1)","decl":{"start":{"line":27,"column":16},"end":{"line":27,"column":17}},"loc":{"start":{"line":27,"column":36},"end":{"line":35,"column":1}},"line":27},"2":{"name":"(anonymous_2)","decl":{"start":{"line":42,"column":19},"end":{"line":42,"column":20}},"loc":{"start":{"line":42,"column":39},"end":{"line":55,"column":1}},"line":42},"3":{"name":"(anonymous_3)","decl":{"start":{"line":62,"column":19},"end":{"line":62,"column":20}},"loc":{"start":{"line":62,"column":39},"end":{"line":62,"column":41}},"line":62},"4":{"name":"(anonymous_4)","decl":{"start":{"line":69,"column":19},"end":{"line":69,"column":20}},"loc":{"start":{"line":69,"column":39},"end":{"line":85,"column":1}},"line":69}},"branchMap":{},"s":{"0":3,"1":3,"2":3,"3":3,"4":3,"5":3,"6":3,"7":1,"8":1,"9":1,"10":0,"11":3,"12":0,"13":0,"14":0,"15":0,"16":0,"17":3,"18":0,"19":0,"20":0,"21":0,"22":0,"23":0,"24":0,"25":3,"26":3,"27":0,"28":0,"29":0,"30":0,"31":0,"32":0,"33":0,"34":0,"35":0,"36":0,"37":3},"f":{"0":1,"1":0,"2":0,"3":0,"4":0},"b":{},"_coverageSchema":"1a1c01bbd47fc00a2c39e90264f33305004495a9","hash":"11fc434310403e35268b95c2d2eb57bc49c6698b"}
,"C:\\Users\\adria\\Documents\\node\\controllers\\tracks.js": {"path":"C:\\Users\\adria\\Documents\\node\\controllers\\tracks.js","statementMap":{"0":{"start":{"line":1,"column":22},"end":{"line":1,"column":42}},"1":{"start":{"line":2,"column":26},"end":{"line":2,"column":57}},"2":{"start":{"line":3,"column":24},"end":{"line":3,"column":52}},"3":{"start":{"line":10,"column":17},"end":{"line":19,"column":1}},"4":{"start":{"line":11,"column":3},"end":{"line":17,"column":4}},"5":{"start":{"line":12,"column":17},"end":{"line":12,"column":25}},"6":{"start":{"line":13,"column":17},"end":{"line":13,"column":50}},"7":{"start":{"line":14,"column":4},"end":{"line":14,"column":27}},"8":{"start":{"line":16,"column":9},"end":{"line":16,"column":49}},"9":{"start":{"line":26,"column":16},"end":{"line":35,"column":1}},"10":{"start":{"line":27,"column":4},"end":{"line":34,"column":5}},"11":{"start":{"line":28,"column":9},"end":{"line":28,"column":32}},"12":{"start":{"line":29,"column":22},"end":{"line":29,"column":25}},"13":{"start":{"line":30,"column":22},"end":{"line":30,"column":55}},"14":{"start":{"line":31,"column":9},"end":{"line":31,"column":26}},"15":{"start":{"line":33,"column":8},"end":{"line":33,"column":47}},"16":{"start":{"line":42,"column":19},"end":{"line":50,"column":1}},"17":{"start":{"line":43,"column":3},"end":{"line":49,"column":4}},"18":{"start":{"line":44,"column":17},"end":{"line":44,"column":33}},"19":{"start":{"line":45,"column":17},"end":{"line":45,"column":47}},"20":{"start":{"line":46,"column":4},"end":{"line":46,"column":21}},"21":{"start":{"line":48,"column":4},"end":{"line":48,"column":47}},"22":{"start":{"line":57,"column":19},"end":{"line":67,"column":1}},"23":{"start":{"line":58,"column":4},"end":{"line":66,"column":8}},"24":{"start":{"line":59,"column":30},"end":{"line":59,"column":46}},"25":{"start":{"line":60,"column":21},"end":{"line":62,"column":9}},"26":{"start":{"line":63,"column":8},"end":{"line":63,"column":25}},"27":{"start":{"line":65,"column":8},"end":{"line":65,"column":51}},"28":{"start":{"line":74,"column":19},"end":{"line":83,"column":1}},"29":{"start":{"line":75,"column":4},"end":{"line":82,"column":4}},"30":{"start":{"line":76,"column":8},"end":{"line":76,"column":31}},"31":{"start":{"line":77,"column":21},"end":{"line":77,"column":24}},"32":{"start":{"line":78,"column":21},"end":{"line":78,"column":55}},"33":{"start":{"line":79,"column":8},"end":{"line":79,"column":25}},"34":{"start":{"line":81,"column":7},"end":{"line":81,"column":49}},"35":{"start":{"line":85,"column":0},"end":{"line":85,"column":72}}},"fnMap":{"0":{"name":"(anonymous_0)","decl":{"start":{"line":10,"column":17},"end":{"line":10,"column":18}},"loc":{"start":{"line":10,"column":37},"end":{"line":19,"column":1}},"line":10},"1":{"name":"(anonymous_1)","decl":{"start":{"line":26,"column":16},"end":{"line":26,"column":17}},"loc":{"start":{"line":26,"column":36},"end":{"line":35,"column":1}},"line":26},"2":{"name":"(anonymous_2)","decl":{"start":{"line":42,"column":19},"end":{"line":42,"column":20}},"loc":{"start":{"line":42,"column":39},"end":{"line":50,"column":1}},"line":42},"3":{"name":"(anonymous_3)","decl":{"start":{"line":57,"column":19},"end":{"line":57,"column":20}},"loc":{"start":{"line":57,"column":39},"end":{"line":67,"column":1}},"line":57},"4":{"name":"(anonymous_4)","decl":{"start":{"line":74,"column":19},"end":{"line":74,"column":20}},"loc":{"start":{"line":74,"column":39},"end":{"line":83,"column":1}},"line":74}},"branchMap":{},"s":{"0":3,"1":3,"2":3,"3":3,"4":1,"5":1,"6":1,"7":1,"8":0,"9":3,"10":1,"11":1,"12":1,"13":1,"14":1,"15":0,"16":3,"17":0,"18":0,"19":0,"20":0,"21":0,"22":3,"23":0,"24":0,"25":0,"26":0,"27":0,"28":3,"29":1,"30":1,"31":1,"32":1,"33":1,"34":0,"35":3},"f":{"0":1,"1":1,"2":0,"3":0,"4":1},"b":{},"_coverageSchema":"1a1c01bbd47fc00a2c39e90264f33305004495a9","hash":"b7670f0b55d42f67533363724430d060ede9ddfe"}
,"C:\\Users\\adria\\Documents\\node\\docs\\swagger.js": {"path":"C:\\Users\\adria\\Documents\\node\\docs\\swagger.js","statementMap":{"0":{"start":{"line":1,"column":21},"end":{"line":1,"column":45}},"1":{"start":{"line":7,"column":27},"end":{"line":115,"column":3}},"2":{"start":{"line":120,"column":18},"end":{"line":123,"column":3}},"3":{"start":{"line":125,"column":30},"end":{"line":125,"column":51}},"4":{"start":{"line":127,"column":2},"end":{"line":127,"column":39}}},"fnMap":{},"branchMap":{},"s":{"0":3,"1":3,"2":3,"3":3,"4":3},"f":{},"b":{},"_coverageSchema":"1a1c01bbd47fc00a2c39e90264f33305004495a9","hash":"309d7ce08a6d9ad36c7a8a10faf9317bcfc7ee4a"}
,"C:\\Users\\adria\\Documents\\node\\middleware\\rol.js": {"path":"C:\\Users\\adria\\Documents\\node\\middleware\\rol.js","statementMap":{"0":{"start":{"line":1,"column":28},"end":{"line":1,"column":59}},"1":{"start":{"line":3,"column":17},"end":{"line":18,"column":1}},"2":{"start":{"line":3,"column":28},"end":{"line":18,"column":1}},"3":{"start":{"line":4,"column":4},"end":{"line":17,"column":5}},"4":{"start":{"line":5,"column":19},"end":{"line":5,"column":22}},"5":{"start":{"line":6,"column":24},"end":{"line":6,"column":33}},"6":{"start":{"line":8,"column":26},"end":{"line":8,"column":84}},"7":{"start":{"line":8,"column":52},"end":{"line":8,"column":83}},"8":{"start":{"line":9,"column":4},"end":{"line":12,"column":5}},"9":{"start":{"line":10,"column":8},"end":{"line":10,"column":53}},"10":{"start":{"line":11,"column":8},"end":{"line":11,"column":15}},"11":{"start":{"line":13,"column":4},"end":{"line":13,"column":11}},"12":{"start":{"line":15,"column":8},"end":{"line":15,"column":52}},"13":{"start":{"line":16,"column":8},"end":{"line":16,"column":27}},"14":{"start":{"line":20,"column":0},"end":{"line":20,"column":26}}},"fnMap":{"0":{"name":"(anonymous_0)","decl":{"start":{"line":3,"column":17},"end":{"line":3,"column":18}},"loc":{"start":{"line":3,"column":28},"end":{"line":18,"column":1}},"line":3},"1":{"name":"(anonymous_1)","decl":{"start":{"line":3,"column":28},"end":{"line":3,"column":29}},"loc":{"start":{"line":3,"column":48},"end":{"line":18,"column":1}},"line":3},"2":{"name":"(anonymous_2)","decl":{"start":{"line":8,"column":37},"end":{"line":8,"column":38}},"loc":{"start":{"line":8,"column":52},"end":{"line":8,"column":83}},"line":8}},"branchMap":{"0":{"loc":{"start":{"line":9,"column":4},"end":{"line":12,"column":5}},"type":"if","locations":[{"start":{"line":9,"column":4},"end":{"line":12,"column":5}},{"start":{},"end":{}}],"line":9}},"s":{"0":3,"1":3,"2":3,"3":1,"4":1,"5":1,"6":0,"7":0,"8":0,"9":0,"10":0,"11":0,"12":1,"13":1,"14":3},"f":{"0":3,"1":1,"2":0},"b":{"0":[0,0]},"_coverageSchema":"1a1c01bbd47fc00a2c39e90264f33305004495a9","hash":"8904521ec978da2c34a6d37a4b5c2136f5826db5"}
,"C:\\Users\\adria\\Documents\\node\\middleware\\session.js": {"path":"C:\\Users\\adria\\Documents\\node\\middleware\\session.js","statementMap":{"0":{"start":{"line":1,"column":26},"end":{"line":1,"column":57}},"1":{"start":{"line":2,"column":22},"end":{"line":2,"column":51}},"2":{"start":{"line":3,"column":21},"end":{"line":3,"column":41}},"3":{"start":{"line":4,"column":22},"end":{"line":4,"column":64}},"4":{"start":{"line":5,"column":22},"end":{"line":5,"column":37}},"5":{"start":{"line":6,"column":18},"end":{"line":6,"column":39}},"6":{"start":{"line":8,"column":23},"end":{"line":39,"column":1}},"7":{"start":{"line":9,"column":2},"end":{"line":38,"column":3}},"8":{"start":{"line":11,"column":4},"end":{"line":14,"column":5}},"9":{"start":{"line":12,"column":8},"end":{"line":12,"column":46}},"10":{"start":{"line":13,"column":8},"end":{"line":13,"column":15}},"11":{"start":{"line":16,"column":18},"end":{"line":16,"column":60}},"12":{"start":{"line":17,"column":22},"end":{"line":17,"column":46}},"13":{"start":{"line":19,"column":4},"end":{"line":22,"column":5}},"14":{"start":{"line":20,"column":7},"end":{"line":20,"column":53}},"15":{"start":{"line":21,"column":7},"end":{"line":21,"column":14}},"16":{"start":{"line":24,"column":18},"end":{"line":26,"column":5}},"17":{"start":{"line":33,"column":18},"end":{"line":33,"column":49}},"18":{"start":{"line":34,"column":4},"end":{"line":34,"column":20}},"19":{"start":{"line":35,"column":4},"end":{"line":35,"column":11}},"20":{"start":{"line":37,"column":6},"end":{"line":37,"column":46}},"21":{"start":{"line":41,"column":0},"end":{"line":41,"column":32}}},"fnMap":{"0":{"name":"(anonymous_0)","decl":{"start":{"line":8,"column":23},"end":{"line":8,"column":24}},"loc":{"start":{"line":8,"column":49},"end":{"line":39,"column":1}},"line":8}},"branchMap":{"0":{"loc":{"start":{"line":11,"column":4},"end":{"line":14,"column":5}},"type":"if","locations":[{"start":{"line":11,"column":4},"end":{"line":14,"column":5}},{"start":{},"end":{}}],"line":11},"1":{"loc":{"start":{"line":19,"column":4},"end":{"line":22,"column":5}},"type":"if","locations":[{"start":{"line":19,"column":4},"end":{"line":22,"column":5}},{"start":{},"end":{}}],"line":19}},"s":{"0":3,"1":3,"2":3,"3":3,"4":3,"5":3,"6":3,"7":3,"8":3,"9":0,"10":0,"11":3,"12":3,"13":3,"14":0,"15":0,"16":3,"17":3,"18":3,"19":3,"20":0,"21":3},"f":{"0":3},"b":{"0":[0,3],"1":[0,3]},"_coverageSchema":"1a1c01bbd47fc00a2c39e90264f33305004495a9","hash":"adbac4407697591825dfbbbb61c77bfc7787d83a"}
,"C:\\Users\\adria\\Documents\\node\\models\\index.js": {"path":"C:\\Users\\adria\\Documents\\node\\models\\index.js","statementMap":{"0":{"start":{"line":1,"column":18},"end":{"line":1,"column":39}},"1":{"start":{"line":3,"column":19},"end":{"line":3,"column":65}},"2":{"start":{"line":5,"column":15},"end":{"line":10,"column":1}},"3":{"start":{"line":12,"column":0},"end":{"line":12,"column":24}}},"fnMap":{},"branchMap":{"0":{"loc":{"start":{"line":3,"column":19},"end":{"line":3,"column":65}},"type":"cond-expr","locations":[{"start":{"line":3,"column":44},"end":{"line":3,"column":53}},{"start":{"line":3,"column":56},"end":{"line":3,"column":65}}],"line":3}},"s":{"0":3,"1":3,"2":3,"3":3},"f":{},"b":{"0":[3,0]},"_coverageSchema":"1a1c01bbd47fc00a2c39e90264f33305004495a9","hash":"4d98ed246ba384c788aa1a4b2ddea17520701526"}
,"C:\\Users\\adria\\Documents\\node\\models\\nosql\\storage.js": {"path":"C:\\Users\\adria\\Documents\\node\\models\\nosql\\storage.js","statementMap":{"0":{"start":{"line":1,"column":17},"end":{"line":1,"column":36}},"1":{"start":{"line":2,"column":23},"end":{"line":2,"column":49}},"2":{"start":{"line":4,"column":22},"end":{"line":17,"column":1}},"3":{"start":{"line":19,"column":0},"end":{"line":19,"column":62}},"4":{"start":{"line":20,"column":0},"end":{"line":20,"column":59}}},"fnMap":{},"branchMap":{},"s":{"0":3,"1":3,"2":3,"3":3,"4":3},"f":{},"b":{},"_coverageSchema":"1a1c01bbd47fc00a2c39e90264f33305004495a9","hash":"b01dd7decf7cfbe66d8f1c15ccb06f2d2707e89f"}
,"C:\\Users\\adria\\Documents\\node\\models\\nosql\\tracks.js": {"path":"C:\\Users\\adria\\Documents\\node\\models\\nosql\\tracks.js","statementMap":{"0":{"start":{"line":1,"column":17},"end":{"line":1,"column":36}},"1":{"start":{"line":2,"column":23},"end":{"line":2,"column":49}},"2":{"start":{"line":4,"column":21},"end":{"line":47,"column":1}},"3":{"start":{"line":15,"column":8},"end":{"line":15,"column":20}},"4":{"start":{"line":49,"column":0},"end":{"line":65,"column":2}},"5":{"start":{"line":50,"column":19},"end":{"line":63,"column":4}},"6":{"start":{"line":64,"column":2},"end":{"line":64,"column":18}},"7":{"start":{"line":67,"column":0},"end":{"line":87,"column":1}},"8":{"start":{"line":68,"column":19},"end":{"line":85,"column":4}},"9":{"start":{"line":86,"column":2},"end":{"line":86,"column":18}},"10":{"start":{"line":89,"column":0},"end":{"line":89,"column":61}},"11":{"start":{"line":90,"column":0},"end":{"line":90,"column":56}}},"fnMap":{"0":{"name":"(anonymous_0)","decl":{"start":{"line":14,"column":17},"end":{"line":14,"column":18}},"loc":{"start":{"line":14,"column":26},"end":{"line":16,"column":7}},"line":14},"1":{"name":"(anonymous_1)","decl":{"start":{"line":49,"column":35},"end":{"line":49,"column":36}},"loc":{"start":{"line":49,"column":47},"end":{"line":65,"column":1}},"line":49},"2":{"name":"(anonymous_2)","decl":{"start":{"line":67,"column":35},"end":{"line":67,"column":36}},"loc":{"start":{"line":67,"column":49},"end":{"line":87,"column":1}},"line":67}},"branchMap":{},"s":{"0":3,"1":3,"2":3,"3":0,"4":3,"5":1,"6":1,"7":3,"8":1,"9":1,"10":3,"11":3},"f":{"0":0,"1":1,"2":1},"b":{},"_coverageSchema":"1a1c01bbd47fc00a2c39e90264f33305004495a9","hash":"5e46e1b880d378031bd9e6c2e31ccff2d425f1ef"}
,"C:\\Users\\adria\\Documents\\node\\models\\nosql\\users.js": {"path":"C:\\Users\\adria\\Documents\\node\\models\\nosql\\users.js","statementMap":{"0":{"start":{"line":1,"column":17},"end":{"line":1,"column":36}},"1":{"start":{"line":2,"column":23},"end":{"line":2,"column":49}},"2":{"start":{"line":4,"column":19},"end":{"line":28,"column":1}},"3":{"start":{"line":30,"column":0},"end":{"line":30,"column":59}},"4":{"start":{"line":31,"column":0},"end":{"line":31,"column":53}}},"fnMap":{},"branchMap":{},"s":{"0":3,"1":3,"2":3,"3":3,"4":3},"f":{},"b":{},"_coverageSchema":"1a1c01bbd47fc00a2c39e90264f33305004495a9","hash":"79cdeced8469c2d9c932c2773a760c1b2eac714c"}
,"C:\\Users\\adria\\Documents\\node\\routes\\auth.js": {"path":"C:\\Users\\adria\\Documents\\node\\routes\\auth.js","statementMap":{"0":{"start":{"line":1,"column":16},"end":{"line":1,"column":34}},"1":{"start":{"line":2,"column":15},"end":{"line":2,"column":31}},"2":{"start":{"line":3,"column":34},"end":{"line":3,"column":64}},"3":{"start":{"line":4,"column":48},"end":{"line":4,"column":77}},"4":{"start":{"line":28,"column":0},"end":{"line":28,"column":61}},"5":{"start":{"line":54,"column":0},"end":{"line":54,"column":48}},"6":{"start":{"line":56,"column":0},"end":{"line":56,"column":24}}},"fnMap":{},"branchMap":{},"s":{"0":3,"1":3,"2":3,"3":3,"4":3,"5":3,"6":3},"f":{},"b":{},"_coverageSchema":"1a1c01bbd47fc00a2c39e90264f33305004495a9","hash":"ec448474ea5805d694331767a767a70c39cbb102"}
,"C:\\Users\\adria\\Documents\\node\\routes\\index.js": {"path":"C:\\Users\\adria\\Documents\\node\\routes\\index.js","statementMap":{"0":{"start":{"line":1,"column":16},"end":{"line":1,"column":34}},"1":{"start":{"line":2,"column":11},"end":{"line":2,"column":24}},"2":{"start":{"line":3,"column":15},"end":{"line":3,"column":31}},"3":{"start":{"line":5,"column":20},"end":{"line":5,"column":29}},"4":{"start":{"line":7,"column":24},"end":{"line":9,"column":1}},"5":{"start":{"line":8,"column":4},"end":{"line":8,"column":39}},"6":{"start":{"line":11,"column":0},"end":{"line":16,"column":3}},"7":{"start":{"line":12,"column":16},"end":{"line":12,"column":37}},"8":{"start":{"line":13,"column":3},"end":{"line":15,"column":4}},"9":{"start":{"line":14,"column":4},"end":{"line":14,"column":49}},"10":{"start":{"line":18,"column":0},"end":{"line":18,"column":24}}},"fnMap":{"0":{"name":"(anonymous_0)","decl":{"start":{"line":7,"column":24},"end":{"line":7,"column":25}},"loc":{"start":{"line":7,"column":38},"end":{"line":9,"column":1}},"line":7},"1":{"name":"(anonymous_1)","decl":{"start":{"line":11,"column":35},"end":{"line":11,"column":36}},"loc":{"start":{"line":11,"column":43},"end":{"line":16,"column":1}},"line":11}},"branchMap":{"0":{"loc":{"start":{"line":13,"column":3},"end":{"line":15,"column":4}},"type":"if","locations":[{"start":{"line":13,"column":3},"end":{"line":15,"column":4}},{"start":{},"end":{}}],"line":13}},"s":{"0":3,"1":3,"2":3,"3":3,"4":3,"5":12,"6":3,"7":12,"8":12,"9":9,"10":3},"f":{"0":12,"1":12},"b":{"0":[9,3]},"_coverageSchema":"1a1c01bbd47fc00a2c39e90264f33305004495a9","hash":"f5f7ab2a633923a5e6c0073d6f1ed9445f6e088d"}
,"C:\\Users\\adria\\Documents\\node\\routes\\storage.js": {"path":"C:\\Users\\adria\\Documents\\node\\routes\\storage.js","statementMap":{"0":{"start":{"line":1,"column":25},"end":{"line":1,"column":58}},"1":{"start":{"line":2,"column":16},"end":{"line":2,"column":34}},"2":{"start":{"line":3,"column":15},"end":{"line":3,"column":31}},"3":{"start":{"line":4,"column":27},"end":{"line":4,"column":59}},"4":{"start":{"line":5,"column":52},"end":{"line":5,"column":85}},"5":{"start":{"line":38,"column":0},"end":{"line":38,"column":63}},"6":{"start":{"line":62,"column":0},"end":{"line":62,"column":26}},"7":{"start":{"line":91,"column":0},"end":{"line":91,"column":46}},"8":{"start":{"line":116,"column":0},"end":{"line":116,"column":52}},"9":{"start":{"line":118,"column":0},"end":{"line":118,"column":24}}},"fnMap":{},"branchMap":{},"s":{"0":3,"1":3,"2":3,"3":3,"4":3,"5":3,"6":3,"7":3,"8":3,"9":3},"f":{},"b":{},"_coverageSchema":"1a1c01bbd47fc00a2c39e90264f33305004495a9","hash":"5207803b96995cd03e7cc1ed6aca18e268d2e8b7"}
,"C:\\Users\\adria\\Documents\\node\\routes\\tracks.js": {"path":"C:\\Users\\adria\\Documents\\node\\routes\\tracks.js","statementMap":{"0":{"start":{"line":1,"column":16},"end":{"line":1,"column":34}},"1":{"start":{"line":2,"column":65},"end":{"line":2,"column":97}},"2":{"start":{"line":3,"column":17},"end":{"line":3,"column":45}},"3":{"start":{"line":4,"column":23},"end":{"line":4,"column":55}},"4":{"start":{"line":5,"column":50},"end":{"line":5,"column":81}},"5":{"start":{"line":6,"column":15},"end":{"line":6,"column":31}},"6":{"start":{"line":31,"column":0},"end":{"line":31,"column":42}},"7":{"start":{"line":60,"column":0},"end":{"line":60,"column":62}},"8":{"start":{"line":88,"column":0},"end":{"line":88,"column":86}},"9":{"start":{"line":127,"column":0},"end":{"line":127,"column":87}},"10":{"start":{"line":152,"column":0},"end":{"line":152,"column":67}},"11":{"start":{"line":154,"column":0},"end":{"line":154,"column":24}}},"fnMap":{},"branchMap":{},"s":{"0":3,"1":3,"2":3,"3":3,"4":3,"5":3,"6":3,"7":3,"8":3,"9":3,"10":3,"11":3},"f":{},"b":{},"_coverageSchema":"1a1c01bbd47fc00a2c39e90264f33305004495a9","hash":"353ad42fef10f9c6760f072c6eefca897d8ba6d4"}
,"C:\\Users\\adria\\Documents\\node\\test\\helper\\helperData.js": {"path":"C:\\Users\\adria\\Documents\\node\\test\\helper\\helperData.js","statementMap":{"0":{"start":{"line":1,"column":22},"end":{"line":4,"column":3}},"1":{"start":{"line":6,"column":27},"end":{"line":11,"column":3}},"2":{"start":{"line":13,"column":32},"end":{"line":19,"column":3}},"3":{"start":{"line":21,"column":30},"end":{"line":24,"column":3}},"4":{"start":{"line":26,"column":24},"end":{"line":40,"column":3}},"5":{"start":{"line":43,"column":2},"end":{"line":49,"column":3}}},"fnMap":{},"branchMap":{},"s":{"0":3,"1":3,"2":3,"3":3,"4":3,"5":3},"f":{},"b":{},"_coverageSchema":"1a1c01bbd47fc00a2c39e90264f33305004495a9","hash":"30190772f4ec31f179e2038b1562cc980ffcfa00"}
,"C:\\Users\\adria\\Documents\\node\\utils\\handleError.js": {"path":"C:\\Users\\adria\\Documents\\node\\utils\\handleError.js","statementMap":{"0":{"start":{"line":1,"column":24},"end":{"line":4,"column":1}},"1":{"start":{"line":2,"column":5},"end":{"line":2,"column":22}},"2":{"start":{"line":3,"column":5},"end":{"line":3,"column":31}},"3":{"start":{"line":6,"column":0},"end":{"line":6,"column":35}}},"fnMap":{"0":{"name":"(anonymous_0)","decl":{"start":{"line":1,"column":24},"end":{"line":1,"column":25}},"loc":{"start":{"line":1,"column":72},"end":{"line":4,"column":1}},"line":1}},"branchMap":{"0":{"loc":{"start":{"line":1,"column":30},"end":{"line":1,"column":54}},"type":"default-arg","locations":[{"start":{"line":1,"column":40},"end":{"line":1,"column":54}}],"line":1},"1":{"loc":{"start":{"line":1,"column":56},"end":{"line":1,"column":66}},"type":"default-arg","locations":[{"start":{"line":1,"column":63},"end":{"line":1,"column":66}}],"line":1}},"s":{"0":3,"1":3,"2":3,"3":3},"f":{"0":3},"b":{"0":[0],"1":[0]},"_coverageSchema":"1a1c01bbd47fc00a2c39e90264f33305004495a9","hash":"3c1e38e94b9c0e6248b8636a10b256ca0889884c"}
,"C:\\Users\\adria\\Documents\\node\\utils\\handleLogger.js": {"path":"C:\\Users\\adria\\Documents\\node\\utils\\handleLogger.js","statementMap":{"0":{"start":{"line":1,"column":28},"end":{"line":1,"column":53}},"1":{"start":{"line":2,"column":16},"end":{"line":2,"column":62}},"2":{"start":{"line":3,"column":21},"end":{"line":10,"column":1}},"3":{"start":{"line":5,"column":7},"end":{"line":7,"column":9}},"4":{"start":{"line":8,"column":7},"end":{"line":8,"column":48}},"5":{"start":{"line":12,"column":0},"end":{"line":12,"column":30}}},"fnMap":{"0":{"name":"(anonymous_0)","decl":{"start":{"line":4,"column":10},"end":{"line":4,"column":11}},"loc":{"start":{"line":4,"column":20},"end":{"line":9,"column":5}},"line":4}},"branchMap":{},"s":{"0":3,"1":3,"2":3,"3":12,"4":12,"5":3},"f":{"0":12},"b":{},"_coverageSchema":"1a1c01bbd47fc00a2c39e90264f33305004495a9","hash":"39b99ee2267e460757c7fc20c4cfee1cbad113be"}
,"C:\\Users\\adria\\Documents\\node\\utils\\handlePassword.js": {"path":"C:\\Users\\adria\\Documents\\node\\utils\\handlePassword.js","statementMap":{"0":{"start":{"line":1,"column":17},"end":{"line":1,"column":36}},"1":{"start":{"line":3,"column":16},"end":{"line":6,"column":1}},"2":{"start":{"line":4,"column":16},"end":{"line":4,"column":54}},"3":{"start":{"line":5,"column":3},"end":{"line":5,"column":15}},"4":{"start":{"line":8,"column":16},"end":{"line":10,"column":1}},"5":{"start":{"line":9,"column":4},"end":{"line":9,"column":62}},"6":{"start":{"line":12,"column":0},"end":{"line":12,"column":36}}},"fnMap":{"0":{"name":"(anonymous_0)","decl":{"start":{"line":3,"column":16},"end":{"line":3,"column":17}},"loc":{"start":{"line":3,"column":41},"end":{"line":6,"column":1}},"line":3},"1":{"name":"(anonymous_1)","decl":{"start":{"line":8,"column":16},"end":{"line":8,"column":17}},"loc":{"start":{"line":8,"column":55},"end":{"line":10,"column":1}},"line":8}},"branchMap":{},"s":{"0":3,"1":3,"2":1,"3":1,"4":3,"5":2,"6":3},"f":{"0":1,"1":2},"b":{},"_coverageSchema":"1a1c01bbd47fc00a2c39e90264f33305004495a9","hash":"5135a98917d22751016da23ef7a3e213309855c3"}
,"C:\\Users\\adria\\Documents\\node\\utils\\handlePropertiesEngine.js": {"path":"C:\\Users\\adria\\Documents\\node\\utils\\handlePropertiesEngine.js","statementMap":{"0":{"start":{"line":1,"column":18},"end":{"line":1,"column":39}},"1":{"start":{"line":2,"column":22},"end":{"line":12,"column":1}},"2":{"start":{"line":3,"column":17},"end":{"line":10,"column":5}},"3":{"start":{"line":11,"column":4},"end":{"line":11,"column":26}},"4":{"start":{"line":14,"column":0},"end":{"line":14,"column":30}}},"fnMap":{"0":{"name":"(anonymous_0)","decl":{"start":{"line":2,"column":22},"end":{"line":2,"column":23}},"loc":{"start":{"line":2,"column":28},"end":{"line":12,"column":1}},"line":2}},"branchMap":{},"s":{"0":3,"1":3,"2":6,"3":6,"4":3},"f":{"0":6},"b":{},"_coverageSchema":"1a1c01bbd47fc00a2c39e90264f33305004495a9","hash":"c45f52abb32b3570c913a3e8f13217ce07746cb9"}
,"C:\\Users\\adria\\Documents\\node\\utils\\handleStorage.js": {"path":"C:\\Users\\adria\\Documents\\node\\utils\\handleStorage.js","statementMap":{"0":{"start":{"line":1,"column":15},"end":{"line":1,"column":32}},"1":{"start":{"line":3,"column":16},"end":{"line":13,"column":2}},"2":{"start":{"line":5,"column":31},"end":{"line":5,"column":56}},"3":{"start":{"line":6,"column":11},"end":{"line":6,"column":32}},"4":{"start":{"line":9,"column":23},"end":{"line":9,"column":57}},"5":{"start":{"line":10,"column":28},"end":{"line":10,"column":55}},"6":{"start":{"line":11,"column":11},"end":{"line":11,"column":30}},"7":{"start":{"line":15,"column":25},"end":{"line":15,"column":42}},"8":{"start":{"line":17,"column":0},"end":{"line":17,"column":34}}},"fnMap":{"0":{"name":"(anonymous_0)","decl":{"start":{"line":4,"column":16},"end":{"line":4,"column":17}},"loc":{"start":{"line":4,"column":39},"end":{"line":7,"column":5}},"line":4},"1":{"name":"(anonymous_1)","decl":{"start":{"line":8,"column":13},"end":{"line":8,"column":14}},"loc":{"start":{"line":8,"column":36},"end":{"line":12,"column":5}},"line":8}},"branchMap":{},"s":{"0":3,"1":3,"2":0,"3":0,"4":0,"5":0,"6":0,"7":3,"8":3},"f":{"0":0,"1":0},"b":{},"_coverageSchema":"1a1c01bbd47fc00a2c39e90264f33305004495a9","hash":"d8b11771b2f049c61ca332e6d2893413e3eaa019"}
,"C:\\Users\\adria\\Documents\\node\\utils\\handleValidator.js": {"path":"C:\\Users\\adria\\Documents\\node\\utils\\handleValidator.js","statementMap":{"0":{"start":{"line":1,"column":27},"end":{"line":1,"column":55}},"1":{"start":{"line":3,"column":25},"end":{"line":11,"column":1}},"2":{"start":{"line":4,"column":4},"end":{"line":10,"column":5}},"3":{"start":{"line":5,"column":8},"end":{"line":5,"column":37}},"4":{"start":{"line":6,"column":8},"end":{"line":6,"column":22}},"5":{"start":{"line":8,"column":8},"end":{"line":8,"column":24}},"6":{"start":{"line":9,"column":8},"end":{"line":9,"column":39}},"7":{"start":{"line":13,"column":0},"end":{"line":13,"column":34}}},"fnMap":{"0":{"name":"(anonymous_0)","decl":{"start":{"line":3,"column":25},"end":{"line":3,"column":26}},"loc":{"start":{"line":3,"column":45},"end":{"line":11,"column":1}},"line":3}},"branchMap":{},"s":{"0":3,"1":3,"2":7,"3":7,"4":7,"5":0,"6":0,"7":3},"f":{"0":7},"b":{},"_coverageSchema":"1a1c01bbd47fc00a2c39e90264f33305004495a9","hash":"dec3b23467bc4ad9549b674fb4b1a5cb90bb3c0f"}
,"C:\\Users\\adria\\Documents\\node\\utils\\handlejwt.js": {"path":"C:\\Users\\adria\\Documents\\node\\utils\\handlejwt.js","statementMap":{"0":{"start":{"line":1,"column":21},"end":{"line":1,"column":44}},"1":{"start":{"line":2,"column":19},"end":{"line":2,"column":41}},"2":{"start":{"line":3,"column":22},"end":{"line":3,"column":57}},"3":{"start":{"line":4,"column":22},"end":{"line":4,"column":37}},"4":{"start":{"line":6,"column":18},"end":{"line":18,"column":1}},"5":{"start":{"line":7,"column":23},"end":{"line":16,"column":11}},"6":{"start":{"line":17,"column":10},"end":{"line":17,"column":22}},"7":{"start":{"line":20,"column":20},"end":{"line":26,"column":1}},"8":{"start":{"line":21,"column":5},"end":{"line":25,"column":6}},"9":{"start":{"line":22,"column":9},"end":{"line":22,"column":57}},"10":{"start":{"line":24,"column":10},"end":{"line":24,"column":22}},"11":{"start":{"line":28,"column":0},"end":{"line":28,"column":42}}},"fnMap":{"0":{"name":"(anonymous_0)","decl":{"start":{"line":6,"column":18},"end":{"line":6,"column":19}},"loc":{"start":{"line":6,"column":34},"end":{"line":18,"column":1}},"line":6},"1":{"name":"(anonymous_1)","decl":{"start":{"line":20,"column":20},"end":{"line":20,"column":21}},"loc":{"start":{"line":20,"column":39},"end":{"line":26,"column":1}},"line":20}},"branchMap":{},"s":{"0":3,"1":3,"2":3,"3":3,"4":3,"5":4,"6":4,"7":3,"8":3,"9":3,"10":0,"11":3},"f":{"0":4,"1":3},"b":{},"_coverageSchema":"1a1c01bbd47fc00a2c39e90264f33305004495a9","hash":"5f6bcf9b20855250bc63d59ab34629763a6d1949"}
,"C:\\Users\\adria\\Documents\\node\\validators\\auth.js": {"path":"C:\\Users\\adria\\Documents\\node\\validators\\auth.js","statementMap":{"0":{"start":{"line":1,"column":16},"end":{"line":1,"column":44}},"1":{"start":{"line":2,"column":24},"end":{"line":2,"column":59}},"2":{"start":{"line":5,"column":30},"end":{"line":13,"column":4}},"3":{"start":{"line":11,"column":7},"end":{"line":11,"column":46}},"4":{"start":{"line":15,"column":22},"end":{"line":21,"column":2}},"5":{"start":{"line":19,"column":12},"end":{"line":19,"column":51}},"6":{"start":{"line":23,"column":0},"end":{"line":23,"column":57}}},"fnMap":{"0":{"name":"(anonymous_0)","decl":{"start":{"line":10,"column":1},"end":{"line":10,"column":2}},"loc":{"start":{"line":10,"column":21},"end":{"line":12,"column":5}},"line":10},"1":{"name":"(anonymous_1)","decl":{"start":{"line":18,"column":6},"end":{"line":18,"column":7}},"loc":{"start":{"line":18,"column":26},"end":{"line":20,"column":10}},"line":18}},"branchMap":{},"s":{"0":3,"1":3,"2":3,"3":1,"4":3,"5":3,"6":3},"f":{"0":1,"1":3},"b":{},"_coverageSchema":"1a1c01bbd47fc00a2c39e90264f33305004495a9","hash":"469c6d0285eeac4ebd948d4919adaa9edf082ccf"}
,"C:\\Users\\adria\\Documents\\node\\validators\\storage.js": {"path":"C:\\Users\\adria\\Documents\\node\\validators\\storage.js","statementMap":{"0":{"start":{"line":1,"column":16},"end":{"line":1,"column":44}},"1":{"start":{"line":2,"column":24},"end":{"line":2,"column":59}},"2":{"start":{"line":6,"column":25},"end":{"line":11,"column":4}},"3":{"start":{"line":9,"column":7},"end":{"line":9,"column":46}},"4":{"start":{"line":13,"column":0},"end":{"line":13,"column":36}}},"fnMap":{"0":{"name":"(anonymous_0)","decl":{"start":{"line":8,"column":4},"end":{"line":8,"column":5}},"loc":{"start":{"line":8,"column":24},"end":{"line":10,"column":5}},"line":8}},"branchMap":{},"s":{"0":3,"1":3,"2":3,"3":0,"4":3},"f":{"0":0},"b":{},"_coverageSchema":"1a1c01bbd47fc00a2c39e90264f33305004495a9","hash":"b00742fe86feb60e0d43227ee6706060f4f8074c"}
,"C:\\Users\\adria\\Documents\\node\\validators\\tracks.js": {"path":"C:\\Users\\adria\\Documents\\node\\validators\\tracks.js","statementMap":{"0":{"start":{"line":1,"column":16},"end":{"line":1,"column":44}},"1":{"start":{"line":2,"column":24},"end":{"line":2,"column":59}},"2":{"start":{"line":4,"column":28},"end":{"line":17,"column":1}},"3":{"start":{"line":15,"column":4},"end":{"line":15,"column":43}},"4":{"start":{"line":19,"column":25},"end":{"line":24,"column":4}},"5":{"start":{"line":22,"column":7},"end":{"line":22,"column":46}},"6":{"start":{"line":26,"column":0},"end":{"line":26,"column":57}}},"fnMap":{"0":{"name":"(anonymous_0)","decl":{"start":{"line":14,"column":1},"end":{"line":14,"column":2}},"loc":{"start":{"line":14,"column":21},"end":{"line":16,"column":2}},"line":14},"1":{"name":"(anonymous_1)","decl":{"start":{"line":21,"column":4},"end":{"line":21,"column":5}},"loc":{"start":{"line":21,"column":24},"end":{"line":23,"column":5}},"line":21}},"branchMap":{},"s":{"0":3,"1":3,"2":3,"3":1,"4":3,"5":2,"6":3},"f":{"0":1,"1":2},"b":{},"_coverageSchema":"1a1c01bbd47fc00a2c39e90264f33305004495a9","hash":"234425a23e5e5acb50ad0ceed03a0bd8b4489e5a"}
}
